<?xml version="1.0" encoding="UTF-8"?>
<!-- Generated by org.testng.reporters.JUnitReportReporter -->
<testsuite hostname="DESKTOP-NE9VC4L" failures="0" tests="15" name="Login.TestCase" time="53.846" errors="0" timestamp="2025-10-20T13:05:54 EET" skipped="0">
  <testcase classname="Login.TestCase" name="signUp" time="7.374"/>
  <testcase classname="Login.TestCase" name="Logout" time="2.661"/>
  <testcase classname="Login.TestCase" name="login" time="1.099"/>
  <testcase classname="Login.TestCase" name="addToCart" time="4.154"/>
  <testcase classname="Login.TestCase" name="addToCart" time="2.753"/>
  <testcase classname="Login.TestCase" name="addToCart" time="3.263"/>
  <testcase classname="Login.TestCase" name="addToCart" time="3.149"/>
  <testcase classname="Login.TestCase" name="addToCart" time="3.904"/>
  <testcase classname="Login.TestCase" name="addToCart" time="2.860"/>
  <testcase classname="Login.TestCase" name="addToCart" time="3.445"/>
  <testcase classname="Login.TestCase" name="addToCart" time="2.938"/>
  <testcase classname="Login.TestCase" name="addToCart" time="3.358"/>
  <testcase classname="Login.TestCase" name="addToCart" time="3.897"/>
  <testcase classname="Login.TestCase" name="addToCart" time="3.531"/>
  <testcase classname="Login.TestCase" name="Checkout" time="5.460"/>
</testsuite> <!-- Login.TestCase -->
