<?xml version="1.0" encoding="UTF-8"?>
<!-- Generated by org.testng.reporters.JUnitReportReporter -->
<testsuite hostname="DESKTOP-NE9VC4L" failures="0" tests="15" name="Login.TestCase" time="53.635" errors="0" timestamp="2025-10-20T11:50:26 EET" skipped="0">
  <testcase classname="Login.TestCase" name="signUp" time="7.620"/>
  <testcase classname="Login.TestCase" name="Logout" time="2.721"/>
  <testcase classname="Login.TestCase" name="login" time="1.667"/>
  <testcase classname="Login.TestCase" name="addToCart" time="2.676"/>
  <testcase classname="Login.TestCase" name="addToCart" time="2.729"/>
  <testcase classname="Login.TestCase" name="addToCart" time="4.301"/>
  <testcase classname="Login.TestCase" name="addToCart" time="3.724"/>
  <testcase classname="Login.TestCase" name="addToCart" time="3.740"/>
  <testcase classname="Login.TestCase" name="addToCart" time="4.376"/>
  <testcase classname="Login.TestCase" name="addToCart" time="3.473"/>
  <testcase classname="Login.TestCase" name="addToCart" time="2.365"/>
  <testcase classname="Login.TestCase" name="addToCart" time="3.641"/>
  <testcase classname="Login.TestCase" name="addToCart" time="2.620"/>
  <testcase classname="Login.TestCase" name="addToCart" time="2.749"/>
  <testcase classname="Login.TestCase" name="Checkout" time="5.233"/>
</testsuite> <!-- Login.TestCase -->
