<?xml version="1.0" encoding="UTF-8"?>
<!-- Generated by org.testng.reporters.JUnitReportReporter -->
<testsuite hostname="DESKTOP-NE9VC4L" failures="0" tests="3" name="Login.TestCase" time="14.074" errors="0" timestamp="2025-10-19T16:51:03 EET" skipped="0">
  <testcase classname="Login.TestCase" name="signUp" time="10.579"/>
  <testcase classname="Login.TestCase" name="Logout" time="2.339"/>
  <testcase classname="Login.TestCase" name="login" time="1.156"/>
</testsuite> <!-- Login.TestCase -->
