<?xml version="1.0" encoding="UTF-8"?>
<!-- Generated by org.testng.reporters.JUnitReportReporter -->
<testsuite hostname="DESKTOP-NE9VC4L" failures="0" tests="1" name="Login.TestCase" time="7.968" errors="0" timestamp="2025-10-19T13:07:23 EET" skipped="0">
  <testcase classname="Login.TestCase" name="signUp" time="7.968"/>
</testsuite> <!-- Login.TestCase -->
