<?xml version="1.0" encoding="UTF-8"?>
<!-- Generated by org.testng.reporters.JUnitReportReporter -->
<testsuite hostname="DESKTOP-NE9VC4L" failures="0" tests="5" name="Login.TestCase" time="19.345" errors="0" timestamp="2025-10-19T18:13:28 EET" skipped="0">
  <testcase classname="Login.TestCase" name="signUp" time="6.028"/>
  <testcase classname="Login.TestCase" name="Logout" time="2.569"/>
  <testcase classname="Login.TestCase" name="login" time="2.150"/>
  <testcase classname="Login.TestCase" name="addToCart" time="3.431"/>
  <testcase classname="Login.TestCase" name="Checkout" time="5.167"/>
</testsuite> <!-- Login.TestCase -->
