<?xml version="1.0" encoding="UTF-8"?>
<!-- Generated by org.testng.reporters.JUnitReportReporter -->
<testsuite hostname="DESKTOP-NE9VC4L" failures="0" tests="1" name="Login.TestCase" time="2.742" errors="0" timestamp="2025-10-15T18:27:08 EET" skipped="0">
  <testcase classname="Login.TestCase" name="signUp" time="2.742"/>
</testsuite> <!-- Login.TestCase -->
